<?xml version="1.0" encoding="UTF-8"?>
<!-- Generated by org.testng.reporters.JUnitReportReporter -->
<testsuite skipped="0" hostname="LAPTOP-6L1LSAPB" name="com.qa.hubspot.test.LoginPageTest" tests="3" failures="0" timestamp="13 Jul 2020 22:32:45 GMT" time="6.088" errors="0">
  <testcase name="verifySignUpLinkTest" time="5.204" classname="com.qa.hubspot.test.LoginPageTest"/>
  <testcase name="verifyLoginPageTitleTest" time="0.036" classname="com.qa.hubspot.test.LoginPageTest"/>
  <testcase name="loginTest" time="0.848" classname="com.qa.hubspot.test.LoginPageTest"/>
</testsuite> <!-- com.qa.hubspot.test.LoginPageTest -->
