<?xml version="1.0" encoding="UTF-8"?>
<!-- Generated by org.testng.reporters.JUnitReportReporter -->
<testsuite skipped="0" hostname="LAPTOP-6L1LSAPB" name="com.qa.hubspot.test.HomePageTest" tests="2" failures="0" timestamp="09 Jul 2020 23:59:26 GMT" time="0.143" errors="0">
  <testcase name="verifyHomePageHeader" time="0.077" classname="com.qa.hubspot.test.HomePageTest"/>
  <testcase name="verifyContactsLinkTest" time="0.066" classname="com.qa.hubspot.test.HomePageTest"/>
</testsuite> <!-- com.qa.hubspot.test.HomePageTest -->
